<?xml version="1.0" encoding="UTF-8"?>
<!-- Generated by org.testng.reporters.JUnitReportReporter -->
<testsuite hostname="Gautam-PC" name="llbean.tests.HappyPath1" tests="1" failures="0" timestamp="5 Apr 2017 02:08:12 GMT" time="22.671" errors="0">
  <testcase name="guestUserCheckout" time="22.671" classname="llbean.tests.HappyPath1"/>
</testsuite> <!-- llbean.tests.HappyPath1 -->
