<?xml version="1.0" encoding="UTF-8"?>
<!-- Generated by org.testng.reporters.JUnitReportReporter -->
<testsuite hostname="MJ0375M6" name="llbean.tests.HappyPath1" tests="1" failures="0" timestamp="21 Apr 2017 15:23:16 GMT" time="184.237" errors="0">
  <testcase name="guestUserCheckout" time="184.237" classname="llbean.tests.HappyPath1"/>
</testsuite> <!-- llbean.tests.HappyPath1 -->
