<?xml version="1.0" encoding="UTF-8"?>
<!-- Generated by org.testng.reporters.JUnitReportReporter -->
<testsuite hostname="MJ0375M6" name="llbean.tests.HappyPath1" tests="1" failures="0" timestamp="4 Apr 2017 20:35:07 GMT" time="5.047" errors="0">
  <testcase name="guestUserCheckout" time="5.047" classname="llbean.tests.HappyPath1"/>
</testsuite> <!-- llbean.tests.HappyPath1 -->
