<?xml version="1.0" encoding="UTF-8"?>
<!-- Generated by org.testng.reporters.JUnitReportReporter -->
<testsuite hostname="Gautam-PC" name="llbean.tests.HappyPath1" tests="1" failures="0" timestamp="12 Apr 2017 23:10:10 GMT" time="176.405" errors="0">
  <testcase name="guestUserCheckout" time="176.405" classname="llbean.tests.HappyPath1"/>
</testsuite> <!-- llbean.tests.HappyPath1 -->
